{
  "RSpec": {
    "coverage": {
      "/Users/pedro.correia/Workspace/movierx/lib/adapter/adapter.rb": {
        "lines": [
          null,
          null,
          null,
          null,
          1,
          null,
          null,
          null,
          null,
          null,
          1,
          1,
          1,
          null,
          1,
          5,
          null,
          5,
          5,
          5,
          5,
          null,
          null,
          1,
          4,
          null,
          4,
          null,
          4,
          0,
          null,
          0,
          0,
          null,
          null,
          1,
          null,
          1,
          null,
          null,
          null,
          1,
          null,
          null,
          null,
          1,
          4,
          0,
          null,
          null,
          0,
          null,
          null,
          null,
          1,
          4,
          null,
          0,
          null,
          4,
          null,
          0,
          null,
          null,
          null,
          null
        ]
      },
      "/Users/pedro.correia/Workspace/movierx/app/models/genre.rb": {
        "lines": [
          null,
          null,
          1,
          1,
          1,
          null
        ]
      },
      "/Users/pedro.correia/Workspace/movierx/app/models/application_record.rb": {
        "lines": [
          null,
          null,
          1,
          1,
          null
        ]
      },
      "/Users/pedro.correia/Workspace/movierx/app/controllers/application_controller.rb": {
        "lines": [
          null,
          null,
          1,
          null
        ]
      },
      "/Users/pedro.correia/Workspace/movierx/app/controllers/movies_controller.rb": {
        "lines": [
          null,
          null,
          1,
          1,
          7,
          4,
          4,
          null,
          4,
          null,
          null,
          0,
          null,
          3,
          null,
          null,
          null,
          1,
          null,
          1,
          null,
          0,
          null,
          null,
          null,
          null,
          null,
          null,
          null,
          null,
          null
        ]
      },
      "/Users/pedro.correia/Workspace/movierx/lib/adapter/movie_info_adapter.rb": {
        "lines": [
          null,
          null,
          null,
          null,
          1,
          null,
          null,
          1,
          1,
          4,
          4,
          4,
          4,
          null,
          null,
          1,
          4,
          0,
          0,
          null,
          null,
          1,
          null,
          1,
          0,
          null,
          0,
          0,
          0,
          null,
          null,
          null,
          1,
          0,
          null,
          0,
          0,
          0,
          null,
          0,
          null,
          null,
          null,
          1,
          null,
          0,
          null,
          null,
          null,
          null,
          null,
          null,
          null,
          null,
          null,
          1,
          0,
          null,
          0,
          null,
          0,
          null,
          null,
          0,
          null,
          null,
          null,
          1,
          0,
          null,
          0,
          null,
          0,
          null,
          null,
          null,
          null,
          null,
          null,
          1,
          0,
          null,
          0,
          0,
          null,
          0,
          0,
          null,
          null,
          0,
          0,
          null,
          null,
          null
        ]
      },
      "/Users/pedro.correia/Workspace/movierx/lib/adapter/adapters/genre.rb": {
        "lines": [
          null,
          null,
          null,
          null,
          1,
          1,
          null,
          1,
          1,
          null,
          1,
          4,
          4,
          4,
          null,
          null,
          1,
          4,
          null,
          null,
          1,
          null,
          1,
          4,
          null,
          null,
          null,
          null
        ]
      },
      "/Users/pedro.correia/Workspace/movierx/lib/adapter/adapters/movie.rb": {
        "lines": [
          null,
          null,
          null,
          null,
          0,
          0,
          null,
          0,
          0,
          null,
          0,
          0,
          0,
          null,
          0,
          0,
          0,
          null,
          0,
          null,
          0,
          0,
          0,
          0,
          0,
          0
        ],
        "branches": {
        }
      },
      "/Users/pedro.correia/Workspace/movierx/lib/adapter/adapters/cast.rb": {
        "lines": [
          null,
          null,
          null,
          null,
          0,
          0,
          null,
          0,
          0,
          null,
          0,
          0,
          0,
          null,
          0,
          0,
          0,
          null,
          0,
          null,
          0,
          0,
          0,
          0,
          0,
          0
        ],
        "branches": {
        }
      }
    },
    "timestamp": 1616937587
  }
}
